c:\users\eemee\source\repos\3d_curves\curvesdll\x64\release\curvesdll.pch
c:\users\eemee\source\repos\3d_curves\curvesdll\x64\release\vc142.pdb
c:\users\eemee\source\repos\3d_curves\curvesdll\x64\release\pch.obj
c:\users\eemee\source\repos\3d_curves\curvesdll\x64\release\helix.obj
c:\users\eemee\source\repos\3d_curves\curvesdll\x64\release\ellipse.obj
c:\users\eemee\source\repos\3d_curves\curvesdll\x64\release\dllmain.obj
c:\users\eemee\source\repos\3d_curves\curvesdll\x64\release\circle.obj
c:\users\eemee\source\repos\3d_curves\x64\release\curvesdll.lib
c:\users\eemee\source\repos\3d_curves\x64\release\curvesdll.exp
c:\users\eemee\source\repos\3d_curves\x64\release\curvesdll.dll
c:\users\eemee\source\repos\3d_curves\curvesdll\x64\release\curvesdll.ipdb
c:\users\eemee\source\repos\3d_curves\curvesdll\x64\release\curvesdll.iobj
c:\users\eemee\source\repos\3d_curves\x64\release\curvesdll.pdb
c:\users\eemee\source\repos\3d_curves\curvesdll\x64\release\curvesdll.tlog\cl.command.1.tlog
c:\users\eemee\source\repos\3d_curves\curvesdll\x64\release\curvesdll.tlog\cl.read.1.tlog
c:\users\eemee\source\repos\3d_curves\curvesdll\x64\release\curvesdll.tlog\cl.write.1.tlog
c:\users\eemee\source\repos\3d_curves\curvesdll\x64\release\curvesdll.tlog\curvesdll.write.1u.tlog
c:\users\eemee\source\repos\3d_curves\curvesdll\x64\release\curvesdll.tlog\link.command.1.tlog
c:\users\eemee\source\repos\3d_curves\curvesdll\x64\release\curvesdll.tlog\link.read.1.tlog
c:\users\eemee\source\repos\3d_curves\curvesdll\x64\release\curvesdll.tlog\link.write.1.tlog
